  File "/Users/cai/code/AAna/agents/premarket_agent.py", line 264
    global STOCK_POOL_inv
    ^
SyntaxError: name 'STOCK_POOL_inv' is used prior to global declaration
  File "/Users/cai/code/AAna/agents/premarket_agent.py", line 264
    global STOCK_POOL_inv
    ^
SyntaxError: name 'STOCK_POOL_inv' is used prior to global declaration
  File "/Users/cai/code/AAna/agents/premarket_agent.py", line 264
    global STOCK_POOL_inv
    ^
SyntaxError: name 'STOCK_POOL_inv' is used prior to global declaration
  File "/Users/cai/code/AAna/agents/premarket_agent.py", line 264
    global STOCK_POOL_inv
    ^
SyntaxError: name 'STOCK_POOL_inv' is used prior to global declaration
  File "/Users/cai/code/AAna/agents/premarket_agent.py", line 264
    global STOCK_POOL_inv
    ^
SyntaxError: name 'STOCK_POOL_inv' is used prior to global declaration
  File "/Users/cai/code/AAna/agents/premarket_agent.py", line 264
    global STOCK_POOL_inv
    ^
SyntaxError: name 'STOCK_POOL_inv' is used prior to global declaration
  File "/Users/cai/code/AAna/agents/premarket_agent.py", line 264
    global STOCK_POOL_inv
    ^
SyntaxError: name 'STOCK_POOL_inv' is used prior to global declaration
  File "/Users/cai/code/AAna/agents/premarket_agent.py", line 264
    global STOCK_POOL_inv
    ^
SyntaxError: name 'STOCK_POOL_inv' is used prior to global declaration
  File "/Users/cai/code/AAna/agents/premarket_agent.py", line 264
    global STOCK_POOL_inv
    ^
SyntaxError: name 'STOCK_POOL_inv' is used prior to global declaration
  File "/Users/cai/code/AAna/agents/premarket_agent.py", line 264
    global STOCK_POOL_inv
    ^
SyntaxError: name 'STOCK_POOL_inv' is used prior to global declaration
  File "/Users/cai/code/AAna/agents/premarket_agent.py", line 264
    global STOCK_POOL_inv
    ^
SyntaxError: name 'STOCK_POOL_inv' is used prior to global declaration
  File "/Users/cai/code/AAna/agents/premarket_agent.py", line 264
    global STOCK_POOL_inv
    ^
SyntaxError: name 'STOCK_POOL_inv' is used prior to global declaration
  File "/Users/cai/code/AAna/agents/premarket_agent.py", line 264
    global STOCK_POOL_inv
    ^
SyntaxError: name 'STOCK_POOL_inv' is used prior to global declaration
  File "/Users/cai/code/AAna/agents/premarket_agent.py", line 264
    global STOCK_POOL_inv
    ^
SyntaxError: name 'STOCK_POOL_inv' is used prior to global declaration
  File "/Users/cai/code/AAna/agents/premarket_agent.py", line 264
    global STOCK_POOL_inv
    ^
SyntaxError: name 'STOCK_POOL_inv' is used prior to global declaration
  File "/Users/cai/code/AAna/agents/premarket_agent.py", line 264
    global STOCK_POOL_inv
    ^
SyntaxError: name 'STOCK_POOL_inv' is used prior to global declaration
  File "/Users/cai/code/AAna/agents/premarket_agent.py", line 264
    global STOCK_POOL_inv
    ^
SyntaxError: name 'STOCK_POOL_inv' is used prior to global declaration
  File "/Users/cai/code/AAna/agents/premarket_agent.py", line 264
    global STOCK_POOL_inv
    ^
SyntaxError: name 'STOCK_POOL_inv' is used prior to global declaration
  File "/Users/cai/code/AAna/agents/premarket_agent.py", line 264
    global STOCK_POOL_inv
    ^
SyntaxError: name 'STOCK_POOL_inv' is used prior to global declaration
  File "/Users/cai/code/AAna/agents/premarket_agent.py", line 264
    global STOCK_POOL_inv
    ^
SyntaxError: name 'STOCK_POOL_inv' is used prior to global declaration
  File "/Users/cai/code/AAna/agents/premarket_agent.py", line 264
    global STOCK_POOL_inv
    ^
SyntaxError: name 'STOCK_POOL_inv' is used prior to global declaration
  File "/Users/cai/code/AAna/agents/premarket_agent.py", line 264
    global STOCK_POOL_inv
    ^
SyntaxError: name 'STOCK_POOL_inv' is used prior to global declaration
  File "/Users/cai/code/AAna/agents/premarket_agent.py", line 264
    global STOCK_POOL_inv
    ^
SyntaxError: name 'STOCK_POOL_inv' is used prior to global declaration
  File "/Users/cai/code/AAna/agents/premarket_agent.py", line 264
    global STOCK_POOL_inv
    ^
SyntaxError: name 'STOCK_POOL_inv' is used prior to global declaration
  File "/Users/cai/code/AAna/agents/premarket_agent.py", line 264
    global STOCK_POOL_inv
    ^
SyntaxError: name 'STOCK_POOL_inv' is used prior to global declaration
  File "/Users/cai/code/AAna/agents/premarket_agent.py", line 264
    global STOCK_POOL_inv
    ^
SyntaxError: name 'STOCK_POOL_inv' is used prior to global declaration
  File "/Users/cai/code/AAna/agents/premarket_agent.py", line 264
    global STOCK_POOL_inv
    ^
SyntaxError: name 'STOCK_POOL_inv' is used prior to global declaration
  File "/Users/cai/code/AAna/agents/premarket_agent.py", line 264
    global STOCK_POOL_inv
    ^
SyntaxError: name 'STOCK_POOL_inv' is used prior to global declaration
  File "/Users/cai/code/AAna/agents/premarket_agent.py", line 264
    global STOCK_POOL_inv
    ^
SyntaxError: name 'STOCK_POOL_inv' is used prior to global declaration
  File "/Users/cai/code/AAna/agents/premarket_agent.py", line 264
    global STOCK_POOL_inv
    ^
SyntaxError: name 'STOCK_POOL_inv' is used prior to global declaration
  File "/Users/cai/code/AAna/agents/premarket_agent.py", line 264
    global STOCK_POOL_inv
    ^
SyntaxError: name 'STOCK_POOL_inv' is used prior to global declaration
  File "/Users/cai/code/AAna/agents/premarket_agent.py", line 264
    global STOCK_POOL_inv
    ^
SyntaxError: name 'STOCK_POOL_inv' is used prior to global declaration
  File "/Users/cai/code/AAna/agents/premarket_agent.py", line 264
    global STOCK_POOL_inv
    ^
SyntaxError: name 'STOCK_POOL_inv' is used prior to global declaration
  File "/Users/cai/code/AAna/agents/premarket_agent.py", line 264
    global STOCK_POOL_inv
    ^
SyntaxError: name 'STOCK_POOL_inv' is used prior to global declaration
  File "/Users/cai/code/AAna/agents/premarket_agent.py", line 264
    global STOCK_POOL_inv
    ^
SyntaxError: name 'STOCK_POOL_inv' is used prior to global declaration
  File "/Users/cai/code/AAna/agents/premarket_agent.py", line 264
    global STOCK_POOL_inv
    ^
SyntaxError: name 'STOCK_POOL_inv' is used prior to global declaration
  File "/Users/cai/code/AAna/agents/premarket_agent.py", line 264
    global STOCK_POOL_inv
    ^
SyntaxError: name 'STOCK_POOL_inv' is used prior to global declaration
  File "/Users/cai/code/AAna/agents/premarket_agent.py", line 264
    global STOCK_POOL_inv
    ^
SyntaxError: name 'STOCK_POOL_inv' is used prior to global declaration
  File "/Users/cai/code/AAna/agents/premarket_agent.py", line 264
    global STOCK_POOL_inv
    ^
SyntaxError: name 'STOCK_POOL_inv' is used prior to global declaration
  File "/Users/cai/code/AAna/agents/premarket_agent.py", line 264
    global STOCK_POOL_inv
    ^
SyntaxError: name 'STOCK_POOL_inv' is used prior to global declaration
  File "/Users/cai/code/AAna/agents/premarket_agent.py", line 264
    global STOCK_POOL_inv
    ^
SyntaxError: name 'STOCK_POOL_inv' is used prior to global declaration
  File "/Users/cai/code/AAna/agents/premarket_agent.py", line 264
    global STOCK_POOL_inv
    ^
SyntaxError: name 'STOCK_POOL_inv' is used prior to global declaration
  File "/Users/cai/code/AAna/agents/premarket_agent.py", line 264
    global STOCK_POOL_inv
    ^
SyntaxError: name 'STOCK_POOL_inv' is used prior to global declaration
  File "/Users/cai/code/AAna/agents/premarket_agent.py", line 264
    global STOCK_POOL_inv
    ^
SyntaxError: name 'STOCK_POOL_inv' is used prior to global declaration
  File "/Users/cai/code/AAna/agents/premarket_agent.py", line 264
    global STOCK_POOL_inv
    ^
SyntaxError: name 'STOCK_POOL_inv' is used prior to global declaration
  File "/Users/cai/code/AAna/agents/premarket_agent.py", line 264
    global STOCK_POOL_inv
    ^
SyntaxError: name 'STOCK_POOL_inv' is used prior to global declaration
  File "/Users/cai/code/AAna/agents/premarket_agent.py", line 264
    global STOCK_POOL_inv
    ^
SyntaxError: name 'STOCK_POOL_inv' is used prior to global declaration
  File "/Users/cai/code/AAna/agents/premarket_agent.py", line 264
    global STOCK_POOL_inv
    ^
SyntaxError: name 'STOCK_POOL_inv' is used prior to global declaration
  File "/Users/cai/code/AAna/agents/premarket_agent.py", line 264
    global STOCK_POOL_inv
    ^
SyntaxError: name 'STOCK_POOL_inv' is used prior to global declaration
  File "/Users/cai/code/AAna/agents/premarket_agent.py", line 264
    global STOCK_POOL_inv
    ^
SyntaxError: name 'STOCK_POOL_inv' is used prior to global declaration
  File "/Users/cai/code/AAna/agents/premarket_agent.py", line 264
    global STOCK_POOL_inv
    ^
SyntaxError: name 'STOCK_POOL_inv' is used prior to global declaration
  File "/Users/cai/code/AAna/agents/premarket_agent.py", line 264
    global STOCK_POOL_inv
    ^
SyntaxError: name 'STOCK_POOL_inv' is used prior to global declaration
  File "/Users/cai/code/AAna/agents/premarket_agent.py", line 264
    global STOCK_POOL_inv
    ^
SyntaxError: name 'STOCK_POOL_inv' is used prior to global declaration
  File "/Users/cai/code/AAna/agents/premarket_agent.py", line 264
    global STOCK_POOL_inv
    ^
SyntaxError: name 'STOCK_POOL_inv' is used prior to global declaration
  File "/Users/cai/code/AAna/agents/premarket_agent.py", line 264
    global STOCK_POOL_inv
    ^
SyntaxError: name 'STOCK_POOL_inv' is used prior to global declaration
  File "/Users/cai/code/AAna/agents/premarket_agent.py", line 264
    global STOCK_POOL_inv
    ^
SyntaxError: name 'STOCK_POOL_inv' is used prior to global declaration
  File "/Users/cai/code/AAna/agents/premarket_agent.py", line 264
    global STOCK_POOL_inv
    ^
SyntaxError: name 'STOCK_POOL_inv' is used prior to global declaration
  File "/Users/cai/code/AAna/agents/premarket_agent.py", line 264
    global STOCK_POOL_inv
    ^
SyntaxError: name 'STOCK_POOL_inv' is used prior to global declaration
  File "/Users/cai/code/AAna/agents/premarket_agent.py", line 264
    global STOCK_POOL_inv
    ^
SyntaxError: name 'STOCK_POOL_inv' is used prior to global declaration
  File "/Users/cai/code/AAna/agents/premarket_agent.py", line 264
    global STOCK_POOL_inv
    ^
SyntaxError: name 'STOCK_POOL_inv' is used prior to global declaration
  File "/Users/cai/code/AAna/agents/premarket_agent.py", line 264
    global STOCK_POOL_inv
    ^
SyntaxError: name 'STOCK_POOL_inv' is used prior to global declaration
  File "/Users/cai/code/AAna/agents/premarket_agent.py", line 264
    global STOCK_POOL_inv
    ^
SyntaxError: name 'STOCK_POOL_inv' is used prior to global declaration
  File "/Users/cai/code/AAna/agents/premarket_agent.py", line 264
    global STOCK_POOL_inv
    ^
SyntaxError: name 'STOCK_POOL_inv' is used prior to global declaration
  File "/Users/cai/code/AAna/agents/premarket_agent.py", line 264
    global STOCK_POOL_inv
    ^
SyntaxError: name 'STOCK_POOL_inv' is used prior to global declaration
  File "/Users/cai/code/AAna/agents/premarket_agent.py", line 264
    global STOCK_POOL_inv
    ^
SyntaxError: name 'STOCK_POOL_inv' is used prior to global declaration
  File "/Users/cai/code/AAna/agents/premarket_agent.py", line 264
    global STOCK_POOL_inv
    ^
SyntaxError: name 'STOCK_POOL_inv' is used prior to global declaration
  File "/Users/cai/code/AAna/agents/premarket_agent.py", line 264
    global STOCK_POOL_inv
    ^
SyntaxError: name 'STOCK_POOL_inv' is used prior to global declaration
  File "/Users/cai/code/AAna/agents/premarket_agent.py", line 264
    global STOCK_POOL_inv
    ^
SyntaxError: name 'STOCK_POOL_inv' is used prior to global declaration
  File "/Users/cai/code/AAna/agents/premarket_agent.py", line 264
    global STOCK_POOL_inv
    ^
SyntaxError: name 'STOCK_POOL_inv' is used prior to global declaration
  File "/Users/cai/code/AAna/agents/premarket_agent.py", line 264
    global STOCK_POOL_inv
    ^
SyntaxError: name 'STOCK_POOL_inv' is used prior to global declaration
  File "/Users/cai/code/AAna/agents/premarket_agent.py", line 264
    global STOCK_POOL_inv
    ^
SyntaxError: name 'STOCK_POOL_inv' is used prior to global declaration
  File "/Users/cai/code/AAna/agents/premarket_agent.py", line 264
    global STOCK_POOL_inv
    ^
SyntaxError: name 'STOCK_POOL_inv' is used prior to global declaration
[2026-05-06 07:00:04] 🦞 盘前子Agent 启动
[2026-05-06 07:00:04] ==================================================
[2026-05-06 07:00:04] 🦞 盘前Agent 启动 - 健康检测
[2026-05-06 07:00:05] 健康检测结果:
[2026-05-06 07:00:05]   新浪API: ❌ 异常
[2026-05-06 07:00:05]   Git: ✅ 正常
[2026-05-06 07:00:05]   目录结构: ✅ 正常
[2026-05-06 07:00:05]   股票池: ✅ 21 只
[2026-05-06 07:00:04] 🦞 盘前子Agent 启动
[2026-05-06 07:00:04] ==================================================
[2026-05-06 07:00:04] 🦞 盘前Agent 启动 - 健康检测
[2026-05-06 07:00:05] 健康检测结果:
[2026-05-06 07:00:05]   新浪API: ❌ 异常
[2026-05-06 07:00:05]   Git: ✅ 正常
[2026-05-06 07:00:05]   目录结构: ✅ 正常
[2026-05-06 07:00:05]   股票池: ✅ 21 只
