/Users/cai/Library/Python/3.9/lib/python/site-packages/urllib3/__init__.py:35: NotOpenSSLWarning: urllib3 v2 only supports OpenSSL 1.1.1+, currently the 'ssl' module is compiled with 'LibreSSL 2.8.3'. See: https://github.com/urllib3/urllib3/issues/3020
  warnings.warn(
[main 8f1111e] feat: add 2026-04-01 stock report (auto-generated)
 Committer: cai <cai@caideMacBook-Pro.local>
Your name and email address were configured automatically based
on your username and hostname. Please check that they are accurate.
You can suppress this message by setting them explicitly. Run the
following command and follow the instructions in your editor to edit
your configuration file:

    git config --global --edit

After doing this, you may fix the identity used for this commit with:

    git commit --amend --reset-author

 2 files changed, 143 insertions(+)
 create mode 100644 "2026-04-01-\351\200\211\350\202\241\346\212\245\345\221\212.md"
 create mode 100644 scripts/cron.log
To github.com:wssaidong/AAna.git
   a1acf36..8f1111e  main -> main
[AAna Report] 生成 2026-04-01 选股报告...
[AAna] 正在获取 19 只股票的实时数据...
[AAna] 批量获取股价失败: ('Connection aborted.', RemoteDisconnected('Remote end closed connection without response'))
[AAna Report] 报告已生成: /Users/cai/code/AAna/2026-04-01-选股报告.md
[AAna Report] 已提交到 GitHub
[AAna v2.3] 生成 2026-04-02 选股报告...
[AAna] 获取 19 只股票数据...
[AAna] 报告已生成: /Users/cai/code/AAna/2026-04-02-选股报告.md
[AAna] 已推送 GitHub
