[2026-04-14 21:30:05] 🌙 复盘子Agent 启动
[2026-04-14 21:30:05] ==================================================
[2026-04-14 21:30:05] 📊 21:30 全天数据汇总
[2026-04-14 21:30:05] 上涨: 15, 下跌: 3
[2026-04-14 21:30:05] 最强板块: AI应用 +2.42%
[2026-04-14 21:30:05] 最弱板块: 储能/绿电 +0.19%
[2026-04-14 21:30:05] 🌙 复盘子Agent 启动
[2026-04-14 21:30:05] ==================================================
[2026-04-14 21:30:05] 📊 21:30 全天数据汇总
[2026-04-14 21:30:05] 上涨: 15, 下跌: 3
[2026-04-14 21:30:05] 最强板块: AI应用 +2.42%
[2026-04-14 21:30:05] 最弱板块: 储能/绿电 +0.19%
[2026-04-14 21:35:05] 🌙 复盘子Agent 启动
[2026-04-14 21:35:05] ==================================================
[2026-04-14 21:35:05] 📈 21:35 策略有效性分析
[2026-04-14 21:35:05] 🌙 复盘子Agent 启动
[2026-04-14 21:35:05] ==================================================
[2026-04-14 21:35:05] 📈 21:35 策略有效性分析
[report] 已保存: /Users/cai/code/AAna/reports/2026-04-14_策略分析.md
[git] 已推送: feat: add 2026-04-14 strategy analysis (auto)
[2026-04-14 21:40:04] 🌙 复盘子Agent 启动
[2026-04-14 21:40:04] ==================================================
[2026-04-14 21:40:04] 🛡️ 21:40 风险控制评估
