[2026-04-15 10:00:00] 👁️ 盘中子Agent 启动
[2026-04-15 10:00:00] ==================================================
[2026-04-15 10:00:00] 👁️ 盘中实时监控
[2026-04-15 10:00:00] 大盘状态: 📉 温和下跌 (平均 -0.78%)
[2026-04-15 10:00:00] 异动股票: 0 只
[2026-04-15 10:00:00] 👁️ 盘中子Agent 启动
[2026-04-15 10:00:00] ==================================================
[2026-04-15 10:00:00] 👁️ 盘中实时监控
[2026-04-15 10:00:00] 大盘状态: 📉 温和下跌 (平均 -0.78%)
[2026-04-15 10:00:00] 异动股票: 0 只
[2026-04-15 10:30:00] 👁️ 盘中子Agent 启动
[2026-04-15 10:30:00] ==================================================
[2026-04-15 10:30:00] 👁️ 盘中实时监控
[2026-04-15 10:30:00] 大盘状态: 📉 温和下跌 (平均 -0.86%)
[2026-04-15 10:30:00] 异动股票: 0 只
[2026-04-15 10:30:00] 👁️ 盘中子Agent 启动
[2026-04-15 10:30:00] ==================================================
[2026-04-15 10:30:00] 👁️ 盘中实时监控
[2026-04-15 10:30:00] 大盘状态: 📉 温和下跌 (平均 -0.86%)
[2026-04-15 10:30:00] 异动股票: 0 只
[2026-04-15 11:00:00] 👁️ 盘中子Agent 启动
[2026-04-15 11:00:00] ==================================================
[2026-04-15 11:00:00] 👁️ 盘中实时监控
[2026-04-15 11:00:00] 大盘状态: 📉 温和下跌 (平均 -1.47%)
[2026-04-15 11:00:00] 异动股票: 0 只
[2026-04-15 11:00:00] 👁️ 盘中子Agent 启动
[2026-04-15 11:00:00] ==================================================
[2026-04-15 11:00:00] 👁️ 盘中实时监控
[2026-04-15 11:00:00] 大盘状态: 📉 温和下跌 (平均 -1.47%)
[2026-04-15 11:00:00] 异动股票: 0 只
[2026-04-15 11:28:00] 👁️ 盘中子Agent 启动
[2026-04-15 11:28:00] ==================================================
[2026-04-15 11:28:00] 📋 11:28 午盘总结
